0 info it worked if it ends with ok
1 verbose cli [ '/home/spahi4/n/bin/node',
1 verbose cli   '/home/spahi4/n/lib/node_modules/npm/bin/npm-cli.js',
1 verbose cli   'run-script',
1 verbose cli   'dev' ]
2 info using npm@3.9.3
3 info using node@v6.2.1
4 verbose run-script [ 'predev', 'dev', 'postdev' ]
5 info lifecycle payment-request@1.0.0~predev: payment-request@1.0.0
6 silly lifecycle payment-request@1.0.0~predev: no script for predev, continuing
7 info lifecycle payment-request@1.0.0~dev: payment-request@1.0.0
8 verbose lifecycle payment-request@1.0.0~dev: unsafe-perm in lifecycle true
9 verbose lifecycle payment-request@1.0.0~dev: PATH: /home/spahi4/n/lib/node_modules/npm/bin/node-gyp-bin:/home/spahi4/WebstormProjects/payment-request/node_modules/.bin:/home/spahi4/n/bin:/usr/local/sbin:/usr/local/bin:/usr/sbin:/usr/bin:/sbin:/bin:/usr/games:/usr/local/games:/home/spahi4/n/bin
10 verbose lifecycle payment-request@1.0.0~dev: CWD: /home/spahi4/WebstormProjects/payment-request
11 silly lifecycle payment-request@1.0.0~dev: Args: [ '-c', 'polymer serve --open & gulp watch' ]
12 silly lifecycle payment-request@1.0.0~dev: Returned: code: 1  signal: null
13 info lifecycle payment-request@1.0.0~dev: Failed to exec dev script
14 verbose stack Error: payment-request@1.0.0 dev: `polymer serve --open & gulp watch`
14 verbose stack Exit status 1
14 verbose stack     at EventEmitter.<anonymous> (/home/spahi4/n/lib/node_modules/npm/lib/utils/lifecycle.js:245:16)
14 verbose stack     at emitTwo (events.js:106:13)
14 verbose stack     at EventEmitter.emit (events.js:191:7)
14 verbose stack     at ChildProcess.<anonymous> (/home/spahi4/n/lib/node_modules/npm/lib/utils/spawn.js:24:14)
14 verbose stack     at emitTwo (events.js:106:13)
14 verbose stack     at ChildProcess.emit (events.js:191:7)
14 verbose stack     at maybeClose (internal/child_process.js:852:16)
14 verbose stack     at Process.ChildProcess._handle.onexit (internal/child_process.js:215:5)
15 verbose pkgid payment-request@1.0.0
16 verbose cwd /home/spahi4/WebstormProjects/payment-request
17 error Linux 3.19.0-65-generic
18 error argv "/home/spahi4/n/bin/node" "/home/spahi4/n/lib/node_modules/npm/bin/npm-cli.js" "run-script" "dev"
19 error node v6.2.1
20 error npm  v3.9.3
21 error code ELIFECYCLE
22 error payment-request@1.0.0 dev: `polymer serve --open & gulp watch`
22 error Exit status 1
23 error Failed at the payment-request@1.0.0 dev script 'polymer serve --open & gulp watch'.
23 error Make sure you have the latest version of node.js and npm installed.
23 error If you do, this is most likely a problem with the payment-request package,
23 error not with npm itself.
23 error Tell the author that this fails on your system:
23 error     polymer serve --open & gulp watch
23 error You can get information on how to open an issue for this project with:
23 error     npm bugs payment-request
23 error Or if that isn't available, you can get their info via:
23 error     npm owner ls payment-request
23 error There is likely additional logging output above.
24 verbose exit [ 1, true ]
